<?xml version="1.0" encoding="UTF-8"?>
<testsuite xmlns:xsi="http://www.w3.org/2001/XMLSchema-instance" xsi:noNamespaceSchemaLocation="https://maven.apache.org/surefire/maven-surefire-plugin/xsd/surefire-test-report-3.0.xsd" version="3.0" name="com.example.sqs_dynamodb.SqsDynamodbApplicationTests" time="2.18" tests="1" errors="0" skipped="0" failures="0">
  <properties>
    <property name="java.specification.version" value="21"/>
    <property name="sun.jnu.encoding" value="UTF-8"/>
    <property name="java.class.path" value="/Users/abdulla/Desktop/Java/sqs-dynamodb/target/test-classes:/Users/abdulla/Desktop/Java/sqs-dynamodb/target/classes:/Users/abdulla/.m2/repository/org/springframework/boot/spring-boot-starter/3.3.0/spring-boot-starter-3.3.0.jar:/Users/abdulla/.m2/repository/org/springframework/boot/spring-boot/3.3.0/spring-boot-3.3.0.jar:/Users/abdulla/.m2/repository/org/springframework/boot/spring-boot-autoconfigure/3.3.0/spring-boot-autoconfigure-3.3.0.jar:/Users/abdulla/.m2/repository/org/springframework/boot/spring-boot-starter-logging/3.3.0/spring-boot-starter-logging-3.3.0.jar:/Users/abdulla/.m2/repository/ch/qos/logback/logback-classic/1.5.6/logback-classic-1.5.6.jar:/Users/abdulla/.m2/repository/ch/qos/logback/logback-core/1.5.6/logback-core-1.5.6.jar:/Users/abdulla/.m2/repository/org/apache/logging/log4j/log4j-to-slf4j/2.23.1/log4j-to-slf4j-2.23.1.jar:/Users/abdulla/.m2/repository/org/apache/logging/log4j/log4j-api/2.23.1/log4j-api-2.23.1.jar:/Users/abdulla/.m2/repository/org/slf4j/jul-to-slf4j/2.0.13/jul-to-slf4j-2.0.13.jar:/Users/abdulla/.m2/repository/jakarta/annotation/jakarta.annotation-api/2.1.1/jakarta.annotation-api-2.1.1.jar:/Users/abdulla/.m2/repository/org/springframework/spring-core/6.1.8/spring-core-6.1.8.jar:/Users/abdulla/.m2/repository/org/springframework/spring-jcl/6.1.8/spring-jcl-6.1.8.jar:/Users/abdulla/.m2/repository/org/yaml/snakeyaml/2.2/snakeyaml-2.2.jar:/Users/abdulla/.m2/repository/software/amazon/awssdk/sqs/2.26.7/sqs-2.26.7.jar:/Users/abdulla/.m2/repository/software/amazon/awssdk/aws-json-protocol/2.26.7/aws-json-protocol-2.26.7.jar:/Users/abdulla/.m2/repository/software/amazon/awssdk/third-party-jackson-core/2.26.7/third-party-jackson-core-2.26.7.jar:/Users/abdulla/.m2/repository/software/amazon/awssdk/protocol-core/2.26.7/protocol-core-2.26.7.jar:/Users/abdulla/.m2/repository/software/amazon/awssdk/http-auth-aws/2.26.7/http-auth-aws-2.26.7.jar:/Users/abdulla/.m2/repository/software/amazon/awssdk/checksums-spi/2.26.7/checksums-spi-2.26.7.jar:/Users/abdulla/.m2/repository/software/amazon/awssdk/checksums/2.26.7/checksums-2.26.7.jar:/Users/abdulla/.m2/repository/software/amazon/awssdk/sdk-core/2.26.7/sdk-core-2.26.7.jar:/Users/abdulla/.m2/repository/software/amazon/awssdk/retries/2.26.7/retries-2.26.7.jar:/Users/abdulla/.m2/repository/org/reactivestreams/reactive-streams/1.0.4/reactive-streams-1.0.4.jar:/Users/abdulla/.m2/repository/software/amazon/awssdk/auth/2.26.7/auth-2.26.7.jar:/Users/abdulla/.m2/repository/software/amazon/eventstream/eventstream/1.0.1/eventstream-1.0.1.jar:/Users/abdulla/.m2/repository/software/amazon/awssdk/http-auth-spi/2.26.7/http-auth-spi-2.26.7.jar:/Users/abdulla/.m2/repository/software/amazon/awssdk/http-auth/2.26.7/http-auth-2.26.7.jar:/Users/abdulla/.m2/repository/software/amazon/awssdk/identity-spi/2.26.7/identity-spi-2.26.7.jar:/Users/abdulla/.m2/repository/software/amazon/awssdk/http-client-spi/2.26.7/http-client-spi-2.26.7.jar:/Users/abdulla/.m2/repository/software/amazon/awssdk/regions/2.26.7/regions-2.26.7.jar:/Users/abdulla/.m2/repository/software/amazon/awssdk/annotations/2.26.7/annotations-2.26.7.jar:/Users/abdulla/.m2/repository/software/amazon/awssdk/utils/2.26.7/utils-2.26.7.jar:/Users/abdulla/.m2/repository/software/amazon/awssdk/aws-core/2.26.7/aws-core-2.26.7.jar:/Users/abdulla/.m2/repository/software/amazon/awssdk/metrics-spi/2.26.7/metrics-spi-2.26.7.jar:/Users/abdulla/.m2/repository/software/amazon/awssdk/json-utils/2.26.7/json-utils-2.26.7.jar:/Users/abdulla/.m2/repository/software/amazon/awssdk/endpoints-spi/2.26.7/endpoints-spi-2.26.7.jar:/Users/abdulla/.m2/repository/software/amazon/awssdk/retries-spi/2.26.7/retries-spi-2.26.7.jar:/Users/abdulla/.m2/repository/software/amazon/awssdk/apache-client/2.26.7/apache-client-2.26.7.jar:/Users/abdulla/.m2/repository/org/apache/httpcomponents/httpclient/4.5.13/httpclient-4.5.13.jar:/Users/abdulla/.m2/repository/org/apache/httpcomponents/httpcore/4.4.16/httpcore-4.4.16.jar:/Users/abdulla/.m2/repository/commons-codec/commons-codec/1.16.1/commons-codec-1.16.1.jar:/Users/abdulla/.m2/repository/software/amazon/awssdk/netty-nio-client/2.26.7/netty-nio-client-2.26.7.jar:/Users/abdulla/.m2/repository/io/netty/netty-codec-http/4.1.110.Final/netty-codec-http-4.1.110.Final.jar:/Users/abdulla/.m2/repository/io/netty/netty-codec-http2/4.1.110.Final/netty-codec-http2-4.1.110.Final.jar:/Users/abdulla/.m2/repository/io/netty/netty-codec/4.1.110.Final/netty-codec-4.1.110.Final.jar:/Users/abdulla/.m2/repository/io/netty/netty-transport/4.1.110.Final/netty-transport-4.1.110.Final.jar:/Users/abdulla/.m2/repository/io/netty/netty-common/4.1.110.Final/netty-common-4.1.110.Final.jar:/Users/abdulla/.m2/repository/io/netty/netty-buffer/4.1.110.Final/netty-buffer-4.1.110.Final.jar:/Users/abdulla/.m2/repository/io/netty/netty-handler/4.1.110.Final/netty-handler-4.1.110.Final.jar:/Users/abdulla/.m2/repository/io/netty/netty-transport-native-unix-common/4.1.110.Final/netty-transport-native-unix-common-4.1.110.Final.jar:/Users/abdulla/.m2/repository/io/netty/netty-transport-classes-epoll/4.1.110.Final/netty-transport-classes-epoll-4.1.110.Final.jar:/Users/abdulla/.m2/repository/io/netty/netty-resolver/4.1.110.Final/netty-resolver-4.1.110.Final.jar:/Users/abdulla/.m2/repository/com/github/derjust/spring-data-dynamodb/5.1.0/spring-data-dynamodb-5.1.0.jar:/Users/abdulla/.m2/repository/org/springframework/spring-context/6.1.8/spring-context-6.1.8.jar:/Users/abdulla/.m2/repository/org/springframework/spring-aop/6.1.8/spring-aop-6.1.8.jar:/Users/abdulla/.m2/repository/org/springframework/spring-beans/6.1.8/spring-beans-6.1.8.jar:/Users/abdulla/.m2/repository/org/springframework/spring-expression/6.1.8/spring-expression-6.1.8.jar:/Users/abdulla/.m2/repository/io/micrometer/micrometer-observation/1.13.0/micrometer-observation-1.13.0.jar:/Users/abdulla/.m2/repository/io/micrometer/micrometer-commons/1.13.0/micrometer-commons-1.13.0.jar:/Users/abdulla/.m2/repository/org/springframework/spring-tx/6.1.8/spring-tx-6.1.8.jar:/Users/abdulla/.m2/repository/org/springframework/data/spring-data-commons/3.3.0/spring-data-commons-3.3.0.jar:/Users/abdulla/.m2/repository/org/hibernate/validator/hibernate-validator/8.0.1.Final/hibernate-validator-8.0.1.Final.jar:/Users/abdulla/.m2/repository/jakarta/validation/jakarta.validation-api/3.0.2/jakarta.validation-api-3.0.2.jar:/Users/abdulla/.m2/repository/org/jboss/logging/jboss-logging/3.5.3.Final/jboss-logging-3.5.3.Final.jar:/Users/abdulla/.m2/repository/com/fasterxml/classmate/1.7.0/classmate-1.7.0.jar:/Users/abdulla/.m2/repository/javax/enterprise/cdi-api/1.2/cdi-api-1.2.jar:/Users/abdulla/.m2/repository/javax/el/javax.el-api/3.0.0/javax.el-api-3.0.0.jar:/Users/abdulla/.m2/repository/javax/interceptor/javax.interceptor-api/1.2/javax.interceptor-api-1.2.jar:/Users/abdulla/.m2/repository/javax/inject/javax.inject/1/javax.inject-1.jar:/Users/abdulla/.m2/repository/software/amazon/awssdk/dynamodb/2.26.7/dynamodb-2.26.7.jar:/Users/abdulla/.m2/repository/software/amazon/awssdk/profiles/2.26.7/profiles-2.26.7.jar:/Users/abdulla/.m2/repository/org/springframework/boot/spring-boot-starter-data-jpa/3.3.0/spring-boot-starter-data-jpa-3.3.0.jar:/Users/abdulla/.m2/repository/org/springframework/boot/spring-boot-starter-aop/3.3.0/spring-boot-starter-aop-3.3.0.jar:/Users/abdulla/.m2/repository/org/aspectj/aspectjweaver/1.9.22/aspectjweaver-1.9.22.jar:/Users/abdulla/.m2/repository/org/springframework/boot/spring-boot-starter-jdbc/3.3.0/spring-boot-starter-jdbc-3.3.0.jar:/Users/abdulla/.m2/repository/com/zaxxer/HikariCP/5.1.0/HikariCP-5.1.0.jar:/Users/abdulla/.m2/repository/org/springframework/spring-jdbc/6.1.8/spring-jdbc-6.1.8.jar:/Users/abdulla/.m2/repository/org/hibernate/orm/hibernate-core/6.5.2.Final/hibernate-core-6.5.2.Final.jar:/Users/abdulla/.m2/repository/jakarta/persistence/jakarta.persistence-api/3.1.0/jakarta.persistence-api-3.1.0.jar:/Users/abdulla/.m2/repository/jakarta/transaction/jakarta.transaction-api/2.0.1/jakarta.transaction-api-2.0.1.jar:/Users/abdulla/.m2/repository/org/hibernate/common/hibernate-commons-annotations/6.0.6.Final/hibernate-commons-annotations-6.0.6.Final.jar:/Users/abdulla/.m2/repository/io/smallrye/jandex/3.1.2/jandex-3.1.2.jar:/Users/abdulla/.m2/repository/net/bytebuddy/byte-buddy/1.14.16/byte-buddy-1.14.16.jar:/Users/abdulla/.m2/repository/org/glassfish/jaxb/jaxb-runtime/4.0.5/jaxb-runtime-4.0.5.jar:/Users/abdulla/.m2/repository/org/glassfish/jaxb/jaxb-core/4.0.5/jaxb-core-4.0.5.jar:/Users/abdulla/.m2/repository/org/eclipse/angus/angus-activation/2.0.2/angus-activation-2.0.2.jar:/Users/abdulla/.m2/repository/org/glassfish/jaxb/txw2/4.0.5/txw2-4.0.5.jar:/Users/abdulla/.m2/repository/com/sun/istack/istack-commons-runtime/4.1.2/istack-commons-runtime-4.1.2.jar:/Users/abdulla/.m2/repository/jakarta/inject/jakarta.inject-api/2.0.1/jakarta.inject-api-2.0.1.jar:/Users/abdulla/.m2/repository/org/antlr/antlr4-runtime/4.13.0/antlr4-runtime-4.13.0.jar:/Users/abdulla/.m2/repository/org/springframework/data/spring-data-jpa/3.3.0/spring-data-jpa-3.3.0.jar:/Users/abdulla/.m2/repository/org/springframework/spring-orm/6.1.8/spring-orm-6.1.8.jar:/Users/abdulla/.m2/repository/org/springframework/spring-aspects/6.1.8/spring-aspects-6.1.8.jar:/Users/abdulla/.m2/repository/org/springframework/boot/spring-boot-starter-web/3.3.0/spring-boot-starter-web-3.3.0.jar:/Users/abdulla/.m2/repository/org/springframework/boot/spring-boot-starter-json/3.3.0/spring-boot-starter-json-3.3.0.jar:/Users/abdulla/.m2/repository/com/fasterxml/jackson/datatype/jackson-datatype-jdk8/2.17.1/jackson-datatype-jdk8-2.17.1.jar:/Users/abdulla/.m2/repository/com/fasterxml/jackson/datatype/jackson-datatype-jsr310/2.17.1/jackson-datatype-jsr310-2.17.1.jar:/Users/abdulla/.m2/repository/com/fasterxml/jackson/module/jackson-module-parameter-names/2.17.1/jackson-module-parameter-names-2.17.1.jar:/Users/abdulla/.m2/repository/org/springframework/boot/spring-boot-starter-tomcat/3.3.0/spring-boot-starter-tomcat-3.3.0.jar:/Users/abdulla/.m2/repository/org/apache/tomcat/embed/tomcat-embed-core/10.1.24/tomcat-embed-core-10.1.24.jar:/Users/abdulla/.m2/repository/org/apache/tomcat/embed/tomcat-embed-el/10.1.24/tomcat-embed-el-10.1.24.jar:/Users/abdulla/.m2/repository/org/apache/tomcat/embed/tomcat-embed-websocket/10.1.24/tomcat-embed-websocket-10.1.24.jar:/Users/abdulla/.m2/repository/org/springframework/spring-web/6.1.8/spring-web-6.1.8.jar:/Users/abdulla/.m2/repository/org/springframework/spring-webmvc/6.1.8/spring-webmvc-6.1.8.jar:/Users/abdulla/.m2/repository/com/fasterxml/jackson/core/jackson-databind/2.17.1/jackson-databind-2.17.1.jar:/Users/abdulla/.m2/repository/com/fasterxml/jackson/core/jackson-annotations/2.17.1/jackson-annotations-2.17.1.jar:/Users/abdulla/.m2/repository/com/fasterxml/jackson/core/jackson-core/2.17.1/jackson-core-2.17.1.jar:/Users/abdulla/.m2/repository/com/amazonaws/aws-java-sdk-dynamodb/1.12.748/aws-java-sdk-dynamodb-1.12.748.jar:/Users/abdulla/.m2/repository/com/amazonaws/aws-java-sdk-s3/1.12.748/aws-java-sdk-s3-1.12.748.jar:/Users/abdulla/.m2/repository/com/amazonaws/aws-java-sdk-kms/1.12.748/aws-java-sdk-kms-1.12.748.jar:/Users/abdulla/.m2/repository/com/amazonaws/aws-java-sdk-core/1.12.748/aws-java-sdk-core-1.12.748.jar:/Users/abdulla/.m2/repository/commons-logging/commons-logging/1.1.3/commons-logging-1.1.3.jar:/Users/abdulla/.m2/repository/com/fasterxml/jackson/dataformat/jackson-dataformat-cbor/2.17.1/jackson-dataformat-cbor-2.17.1.jar:/Users/abdulla/.m2/repository/joda-time/joda-time/2.12.7/joda-time-2.12.7.jar:/Users/abdulla/.m2/repository/com/amazonaws/jmespath-java/1.12.748/jmespath-java-1.12.748.jar:/Users/abdulla/.m2/repository/com/amazonaws/aws-java-sdk-sqs/1.12.748/aws-java-sdk-sqs-1.12.748.jar:/Users/abdulla/.m2/repository/org/springframework/cloud/spring-cloud-aws-messaging/2.2.6.RELEASE/spring-cloud-aws-messaging-2.2.6.RELEASE.jar:/Users/abdulla/.m2/repository/org/springframework/cloud/spring-cloud-aws-context/2.2.6.RELEASE/spring-cloud-aws-context-2.2.6.RELEASE.jar:/Users/abdulla/.m2/repository/org/springframework/cloud/spring-cloud-aws-core/2.2.6.RELEASE/spring-cloud-aws-core-2.2.6.RELEASE.jar:/Users/abdulla/.m2/repository/com/amazonaws/aws-java-sdk-ec2/1.11.792/aws-java-sdk-ec2-1.11.792.jar:/Users/abdulla/.m2/repository/com/amazonaws/aws-java-sdk-cloudformation/1.11.792/aws-java-sdk-cloudformation-1.11.792.jar:/Users/abdulla/.m2/repository/com/amazonaws/aws-java-sdk-sns/1.11.792/aws-java-sdk-sns-1.11.792.jar:/Users/abdulla/.m2/repository/org/springframework/spring-messaging/6.1.8/spring-messaging-6.1.8.jar:/Users/abdulla/.m2/repository/org/slf4j/slf4j-api/2.0.13/slf4j-api-2.0.13.jar:/Users/abdulla/.m2/repository/javax/activation/javax.activation-api/1.2.0/javax.activation-api-1.2.0.jar:/Users/abdulla/.m2/repository/org/springframework/cloud/spring-cloud-starter-aws-messaging/2.2.6.RELEASE/spring-cloud-starter-aws-messaging-2.2.6.RELEASE.jar:/Users/abdulla/.m2/repository/org/springframework/cloud/spring-cloud-starter-aws/2.2.6.RELEASE/spring-cloud-starter-aws-2.2.6.RELEASE.jar:/Users/abdulla/.m2/repository/org/springframework/cloud/spring-cloud-aws-autoconfigure/2.2.6.RELEASE/spring-cloud-aws-autoconfigure-2.2.6.RELEASE.jar:/Users/abdulla/.m2/repository/org/springframework/boot/spring-boot-starter-test/3.3.0/spring-boot-starter-test-3.3.0.jar:/Users/abdulla/.m2/repository/org/springframework/boot/spring-boot-test/3.3.0/spring-boot-test-3.3.0.jar:/Users/abdulla/.m2/repository/org/springframework/boot/spring-boot-test-autoconfigure/3.3.0/spring-boot-test-autoconfigure-3.3.0.jar:/Users/abdulla/.m2/repository/com/jayway/jsonpath/json-path/2.9.0/json-path-2.9.0.jar:/Users/abdulla/.m2/repository/jakarta/xml/bind/jakarta.xml.bind-api/4.0.2/jakarta.xml.bind-api-4.0.2.jar:/Users/abdulla/.m2/repository/jakarta/activation/jakarta.activation-api/2.1.3/jakarta.activation-api-2.1.3.jar:/Users/abdulla/.m2/repository/net/minidev/json-smart/2.5.1/json-smart-2.5.1.jar:/Users/abdulla/.m2/repository/net/minidev/accessors-smart/2.5.1/accessors-smart-2.5.1.jar:/Users/abdulla/.m2/repository/org/ow2/asm/asm/9.6/asm-9.6.jar:/Users/abdulla/.m2/repository/org/assertj/assertj-core/3.25.3/assertj-core-3.25.3.jar:/Users/abdulla/.m2/repository/org/awaitility/awaitility/4.2.1/awaitility-4.2.1.jar:/Users/abdulla/.m2/repository/org/hamcrest/hamcrest/2.2/hamcrest-2.2.jar:/Users/abdulla/.m2/repository/org/junit/jupiter/junit-jupiter/5.10.2/junit-jupiter-5.10.2.jar:/Users/abdulla/.m2/repository/org/junit/jupiter/junit-jupiter-api/5.10.2/junit-jupiter-api-5.10.2.jar:/Users/abdulla/.m2/repository/org/opentest4j/opentest4j/1.3.0/opentest4j-1.3.0.jar:/Users/abdulla/.m2/repository/org/junit/platform/junit-platform-commons/1.10.2/junit-platform-commons-1.10.2.jar:/Users/abdulla/.m2/repository/org/apiguardian/apiguardian-api/1.1.2/apiguardian-api-1.1.2.jar:/Users/abdulla/.m2/repository/org/junit/jupiter/junit-jupiter-params/5.10.2/junit-jupiter-params-5.10.2.jar:/Users/abdulla/.m2/repository/org/junit/jupiter/junit-jupiter-engine/5.10.2/junit-jupiter-engine-5.10.2.jar:/Users/abdulla/.m2/repository/org/junit/platform/junit-platform-engine/1.10.2/junit-platform-engine-1.10.2.jar:/Users/abdulla/.m2/repository/org/mockito/mockito-core/5.11.0/mockito-core-5.11.0.jar:/Users/abdulla/.m2/repository/net/bytebuddy/byte-buddy-agent/1.14.16/byte-buddy-agent-1.14.16.jar:/Users/abdulla/.m2/repository/org/objenesis/objenesis/3.3/objenesis-3.3.jar:/Users/abdulla/.m2/repository/org/mockito/mockito-junit-jupiter/5.11.0/mockito-junit-jupiter-5.11.0.jar:/Users/abdulla/.m2/repository/org/skyscreamer/jsonassert/1.5.1/jsonassert-1.5.1.jar:/Users/abdulla/.m2/repository/com/vaadin/external/google/android-json/0.0.20131108.vaadin1/android-json-0.0.20131108.vaadin1.jar:/Users/abdulla/.m2/repository/org/springframework/spring-test/6.1.8/spring-test-6.1.8.jar:/Users/abdulla/.m2/repository/org/xmlunit/xmlunit-core/2.9.1/xmlunit-core-2.9.1.jar:/Users/abdulla/.m2/repository/org/projectlombok/lombok/1.18.32/lombok-1.18.32.jar:"/>
    <property name="java.vm.vendor" value="Homebrew"/>
    <property name="sun.arch.data.model" value="64"/>
    <property name="java.vendor.url" value="https://github.com/Homebrew/homebrew-core/issues"/>
    <property name="user.timezone" value="Asia/Bahrain"/>
    <property name="org.jboss.logging.provider" value="slf4j"/>
    <property name="os.name" value="Mac OS X"/>
    <property name="java.vm.specification.version" value="21"/>
    <property name="sun.java.launcher" value="SUN_STANDARD"/>
    <property name="user.country" value="GB"/>
    <property name="sun.boot.library.path" value="/opt/homebrew/Cellar/openjdk/21.0.3/libexec/openjdk.jdk/Contents/Home/lib"/>
    <property name="sun.java.command" value="/Users/abdulla/Desktop/Java/sqs-dynamodb/target/surefire/surefirebooter-20240702150958665_3.jar /Users/abdulla/Desktop/Java/sqs-dynamodb/target/surefire 2024-07-02T15-09-58_601-jvmRun1 surefire-20240702150958665_1tmp surefire_0-20240702150958665_2tmp"/>
    <property name="http.nonProxyHosts" value="local|*.local|169.254/16|*.169.254/16"/>
    <property name="jdk.debug" value="release"/>
    <property name="surefire.test.class.path" value="/Users/abdulla/Desktop/Java/sqs-dynamodb/target/test-classes:/Users/abdulla/Desktop/Java/sqs-dynamodb/target/classes:/Users/abdulla/.m2/repository/org/springframework/boot/spring-boot-starter/3.3.0/spring-boot-starter-3.3.0.jar:/Users/abdulla/.m2/repository/org/springframework/boot/spring-boot/3.3.0/spring-boot-3.3.0.jar:/Users/abdulla/.m2/repository/org/springframework/boot/spring-boot-autoconfigure/3.3.0/spring-boot-autoconfigure-3.3.0.jar:/Users/abdulla/.m2/repository/org/springframework/boot/spring-boot-starter-logging/3.3.0/spring-boot-starter-logging-3.3.0.jar:/Users/abdulla/.m2/repository/ch/qos/logback/logback-classic/1.5.6/logback-classic-1.5.6.jar:/Users/abdulla/.m2/repository/ch/qos/logback/logback-core/1.5.6/logback-core-1.5.6.jar:/Users/abdulla/.m2/repository/org/apache/logging/log4j/log4j-to-slf4j/2.23.1/log4j-to-slf4j-2.23.1.jar:/Users/abdulla/.m2/repository/org/apache/logging/log4j/log4j-api/2.23.1/log4j-api-2.23.1.jar:/Users/abdulla/.m2/repository/org/slf4j/jul-to-slf4j/2.0.13/jul-to-slf4j-2.0.13.jar:/Users/abdulla/.m2/repository/jakarta/annotation/jakarta.annotation-api/2.1.1/jakarta.annotation-api-2.1.1.jar:/Users/abdulla/.m2/repository/org/springframework/spring-core/6.1.8/spring-core-6.1.8.jar:/Users/abdulla/.m2/repository/org/springframework/spring-jcl/6.1.8/spring-jcl-6.1.8.jar:/Users/abdulla/.m2/repository/org/yaml/snakeyaml/2.2/snakeyaml-2.2.jar:/Users/abdulla/.m2/repository/software/amazon/awssdk/sqs/2.26.7/sqs-2.26.7.jar:/Users/abdulla/.m2/repository/software/amazon/awssdk/aws-json-protocol/2.26.7/aws-json-protocol-2.26.7.jar:/Users/abdulla/.m2/repository/software/amazon/awssdk/third-party-jackson-core/2.26.7/third-party-jackson-core-2.26.7.jar:/Users/abdulla/.m2/repository/software/amazon/awssdk/protocol-core/2.26.7/protocol-core-2.26.7.jar:/Users/abdulla/.m2/repository/software/amazon/awssdk/http-auth-aws/2.26.7/http-auth-aws-2.26.7.jar:/Users/abdulla/.m2/repository/software/amazon/awssdk/checksums-spi/2.26.7/checksums-spi-2.26.7.jar:/Users/abdulla/.m2/repository/software/amazon/awssdk/checksums/2.26.7/checksums-2.26.7.jar:/Users/abdulla/.m2/repository/software/amazon/awssdk/sdk-core/2.26.7/sdk-core-2.26.7.jar:/Users/abdulla/.m2/repository/software/amazon/awssdk/retries/2.26.7/retries-2.26.7.jar:/Users/abdulla/.m2/repository/org/reactivestreams/reactive-streams/1.0.4/reactive-streams-1.0.4.jar:/Users/abdulla/.m2/repository/software/amazon/awssdk/auth/2.26.7/auth-2.26.7.jar:/Users/abdulla/.m2/repository/software/amazon/eventstream/eventstream/1.0.1/eventstream-1.0.1.jar:/Users/abdulla/.m2/repository/software/amazon/awssdk/http-auth-spi/2.26.7/http-auth-spi-2.26.7.jar:/Users/abdulla/.m2/repository/software/amazon/awssdk/http-auth/2.26.7/http-auth-2.26.7.jar:/Users/abdulla/.m2/repository/software/amazon/awssdk/identity-spi/2.26.7/identity-spi-2.26.7.jar:/Users/abdulla/.m2/repository/software/amazon/awssdk/http-client-spi/2.26.7/http-client-spi-2.26.7.jar:/Users/abdulla/.m2/repository/software/amazon/awssdk/regions/2.26.7/regions-2.26.7.jar:/Users/abdulla/.m2/repository/software/amazon/awssdk/annotations/2.26.7/annotations-2.26.7.jar:/Users/abdulla/.m2/repository/software/amazon/awssdk/utils/2.26.7/utils-2.26.7.jar:/Users/abdulla/.m2/repository/software/amazon/awssdk/aws-core/2.26.7/aws-core-2.26.7.jar:/Users/abdulla/.m2/repository/software/amazon/awssdk/metrics-spi/2.26.7/metrics-spi-2.26.7.jar:/Users/abdulla/.m2/repository/software/amazon/awssdk/json-utils/2.26.7/json-utils-2.26.7.jar:/Users/abdulla/.m2/repository/software/amazon/awssdk/endpoints-spi/2.26.7/endpoints-spi-2.26.7.jar:/Users/abdulla/.m2/repository/software/amazon/awssdk/retries-spi/2.26.7/retries-spi-2.26.7.jar:/Users/abdulla/.m2/repository/software/amazon/awssdk/apache-client/2.26.7/apache-client-2.26.7.jar:/Users/abdulla/.m2/repository/org/apache/httpcomponents/httpclient/4.5.13/httpclient-4.5.13.jar:/Users/abdulla/.m2/repository/org/apache/httpcomponents/httpcore/4.4.16/httpcore-4.4.16.jar:/Users/abdulla/.m2/repository/commons-codec/commons-codec/1.16.1/commons-codec-1.16.1.jar:/Users/abdulla/.m2/repository/software/amazon/awssdk/netty-nio-client/2.26.7/netty-nio-client-2.26.7.jar:/Users/abdulla/.m2/repository/io/netty/netty-codec-http/4.1.110.Final/netty-codec-http-4.1.110.Final.jar:/Users/abdulla/.m2/repository/io/netty/netty-codec-http2/4.1.110.Final/netty-codec-http2-4.1.110.Final.jar:/Users/abdulla/.m2/repository/io/netty/netty-codec/4.1.110.Final/netty-codec-4.1.110.Final.jar:/Users/abdulla/.m2/repository/io/netty/netty-transport/4.1.110.Final/netty-transport-4.1.110.Final.jar:/Users/abdulla/.m2/repository/io/netty/netty-common/4.1.110.Final/netty-common-4.1.110.Final.jar:/Users/abdulla/.m2/repository/io/netty/netty-buffer/4.1.110.Final/netty-buffer-4.1.110.Final.jar:/Users/abdulla/.m2/repository/io/netty/netty-handler/4.1.110.Final/netty-handler-4.1.110.Final.jar:/Users/abdulla/.m2/repository/io/netty/netty-transport-native-unix-common/4.1.110.Final/netty-transport-native-unix-common-4.1.110.Final.jar:/Users/abdulla/.m2/repository/io/netty/netty-transport-classes-epoll/4.1.110.Final/netty-transport-classes-epoll-4.1.110.Final.jar:/Users/abdulla/.m2/repository/io/netty/netty-resolver/4.1.110.Final/netty-resolver-4.1.110.Final.jar:/Users/abdulla/.m2/repository/com/github/derjust/spring-data-dynamodb/5.1.0/spring-data-dynamodb-5.1.0.jar:/Users/abdulla/.m2/repository/org/springframework/spring-context/6.1.8/spring-context-6.1.8.jar:/Users/abdulla/.m2/repository/org/springframework/spring-aop/6.1.8/spring-aop-6.1.8.jar:/Users/abdulla/.m2/repository/org/springframework/spring-beans/6.1.8/spring-beans-6.1.8.jar:/Users/abdulla/.m2/repository/org/springframework/spring-expression/6.1.8/spring-expression-6.1.8.jar:/Users/abdulla/.m2/repository/io/micrometer/micrometer-observation/1.13.0/micrometer-observation-1.13.0.jar:/Users/abdulla/.m2/repository/io/micrometer/micrometer-commons/1.13.0/micrometer-commons-1.13.0.jar:/Users/abdulla/.m2/repository/org/springframework/spring-tx/6.1.8/spring-tx-6.1.8.jar:/Users/abdulla/.m2/repository/org/springframework/data/spring-data-commons/3.3.0/spring-data-commons-3.3.0.jar:/Users/abdulla/.m2/repository/org/hibernate/validator/hibernate-validator/8.0.1.Final/hibernate-validator-8.0.1.Final.jar:/Users/abdulla/.m2/repository/jakarta/validation/jakarta.validation-api/3.0.2/jakarta.validation-api-3.0.2.jar:/Users/abdulla/.m2/repository/org/jboss/logging/jboss-logging/3.5.3.Final/jboss-logging-3.5.3.Final.jar:/Users/abdulla/.m2/repository/com/fasterxml/classmate/1.7.0/classmate-1.7.0.jar:/Users/abdulla/.m2/repository/javax/enterprise/cdi-api/1.2/cdi-api-1.2.jar:/Users/abdulla/.m2/repository/javax/el/javax.el-api/3.0.0/javax.el-api-3.0.0.jar:/Users/abdulla/.m2/repository/javax/interceptor/javax.interceptor-api/1.2/javax.interceptor-api-1.2.jar:/Users/abdulla/.m2/repository/javax/inject/javax.inject/1/javax.inject-1.jar:/Users/abdulla/.m2/repository/software/amazon/awssdk/dynamodb/2.26.7/dynamodb-2.26.7.jar:/Users/abdulla/.m2/repository/software/amazon/awssdk/profiles/2.26.7/profiles-2.26.7.jar:/Users/abdulla/.m2/repository/org/springframework/boot/spring-boot-starter-data-jpa/3.3.0/spring-boot-starter-data-jpa-3.3.0.jar:/Users/abdulla/.m2/repository/org/springframework/boot/spring-boot-starter-aop/3.3.0/spring-boot-starter-aop-3.3.0.jar:/Users/abdulla/.m2/repository/org/aspectj/aspectjweaver/1.9.22/aspectjweaver-1.9.22.jar:/Users/abdulla/.m2/repository/org/springframework/boot/spring-boot-starter-jdbc/3.3.0/spring-boot-starter-jdbc-3.3.0.jar:/Users/abdulla/.m2/repository/com/zaxxer/HikariCP/5.1.0/HikariCP-5.1.0.jar:/Users/abdulla/.m2/repository/org/springframework/spring-jdbc/6.1.8/spring-jdbc-6.1.8.jar:/Users/abdulla/.m2/repository/org/hibernate/orm/hibernate-core/6.5.2.Final/hibernate-core-6.5.2.Final.jar:/Users/abdulla/.m2/repository/jakarta/persistence/jakarta.persistence-api/3.1.0/jakarta.persistence-api-3.1.0.jar:/Users/abdulla/.m2/repository/jakarta/transaction/jakarta.transaction-api/2.0.1/jakarta.transaction-api-2.0.1.jar:/Users/abdulla/.m2/repository/org/hibernate/common/hibernate-commons-annotations/6.0.6.Final/hibernate-commons-annotations-6.0.6.Final.jar:/Users/abdulla/.m2/repository/io/smallrye/jandex/3.1.2/jandex-3.1.2.jar:/Users/abdulla/.m2/repository/net/bytebuddy/byte-buddy/1.14.16/byte-buddy-1.14.16.jar:/Users/abdulla/.m2/repository/org/glassfish/jaxb/jaxb-runtime/4.0.5/jaxb-runtime-4.0.5.jar:/Users/abdulla/.m2/repository/org/glassfish/jaxb/jaxb-core/4.0.5/jaxb-core-4.0.5.jar:/Users/abdulla/.m2/repository/org/eclipse/angus/angus-activation/2.0.2/angus-activation-2.0.2.jar:/Users/abdulla/.m2/repository/org/glassfish/jaxb/txw2/4.0.5/txw2-4.0.5.jar:/Users/abdulla/.m2/repository/com/sun/istack/istack-commons-runtime/4.1.2/istack-commons-runtime-4.1.2.jar:/Users/abdulla/.m2/repository/jakarta/inject/jakarta.inject-api/2.0.1/jakarta.inject-api-2.0.1.jar:/Users/abdulla/.m2/repository/org/antlr/antlr4-runtime/4.13.0/antlr4-runtime-4.13.0.jar:/Users/abdulla/.m2/repository/org/springframework/data/spring-data-jpa/3.3.0/spring-data-jpa-3.3.0.jar:/Users/abdulla/.m2/repository/org/springframework/spring-orm/6.1.8/spring-orm-6.1.8.jar:/Users/abdulla/.m2/repository/org/springframework/spring-aspects/6.1.8/spring-aspects-6.1.8.jar:/Users/abdulla/.m2/repository/org/springframework/boot/spring-boot-starter-web/3.3.0/spring-boot-starter-web-3.3.0.jar:/Users/abdulla/.m2/repository/org/springframework/boot/spring-boot-starter-json/3.3.0/spring-boot-starter-json-3.3.0.jar:/Users/abdulla/.m2/repository/com/fasterxml/jackson/datatype/jackson-datatype-jdk8/2.17.1/jackson-datatype-jdk8-2.17.1.jar:/Users/abdulla/.m2/repository/com/fasterxml/jackson/datatype/jackson-datatype-jsr310/2.17.1/jackson-datatype-jsr310-2.17.1.jar:/Users/abdulla/.m2/repository/com/fasterxml/jackson/module/jackson-module-parameter-names/2.17.1/jackson-module-parameter-names-2.17.1.jar:/Users/abdulla/.m2/repository/org/springframework/boot/spring-boot-starter-tomcat/3.3.0/spring-boot-starter-tomcat-3.3.0.jar:/Users/abdulla/.m2/repository/org/apache/tomcat/embed/tomcat-embed-core/10.1.24/tomcat-embed-core-10.1.24.jar:/Users/abdulla/.m2/repository/org/apache/tomcat/embed/tomcat-embed-el/10.1.24/tomcat-embed-el-10.1.24.jar:/Users/abdulla/.m2/repository/org/apache/tomcat/embed/tomcat-embed-websocket/10.1.24/tomcat-embed-websocket-10.1.24.jar:/Users/abdulla/.m2/repository/org/springframework/spring-web/6.1.8/spring-web-6.1.8.jar:/Users/abdulla/.m2/repository/org/springframework/spring-webmvc/6.1.8/spring-webmvc-6.1.8.jar:/Users/abdulla/.m2/repository/com/fasterxml/jackson/core/jackson-databind/2.17.1/jackson-databind-2.17.1.jar:/Users/abdulla/.m2/repository/com/fasterxml/jackson/core/jackson-annotations/2.17.1/jackson-annotations-2.17.1.jar:/Users/abdulla/.m2/repository/com/fasterxml/jackson/core/jackson-core/2.17.1/jackson-core-2.17.1.jar:/Users/abdulla/.m2/repository/com/amazonaws/aws-java-sdk-dynamodb/1.12.748/aws-java-sdk-dynamodb-1.12.748.jar:/Users/abdulla/.m2/repository/com/amazonaws/aws-java-sdk-s3/1.12.748/aws-java-sdk-s3-1.12.748.jar:/Users/abdulla/.m2/repository/com/amazonaws/aws-java-sdk-kms/1.12.748/aws-java-sdk-kms-1.12.748.jar:/Users/abdulla/.m2/repository/com/amazonaws/aws-java-sdk-core/1.12.748/aws-java-sdk-core-1.12.748.jar:/Users/abdulla/.m2/repository/commons-logging/commons-logging/1.1.3/commons-logging-1.1.3.jar:/Users/abdulla/.m2/repository/com/fasterxml/jackson/dataformat/jackson-dataformat-cbor/2.17.1/jackson-dataformat-cbor-2.17.1.jar:/Users/abdulla/.m2/repository/joda-time/joda-time/2.12.7/joda-time-2.12.7.jar:/Users/abdulla/.m2/repository/com/amazonaws/jmespath-java/1.12.748/jmespath-java-1.12.748.jar:/Users/abdulla/.m2/repository/com/amazonaws/aws-java-sdk-sqs/1.12.748/aws-java-sdk-sqs-1.12.748.jar:/Users/abdulla/.m2/repository/org/springframework/cloud/spring-cloud-aws-messaging/2.2.6.RELEASE/spring-cloud-aws-messaging-2.2.6.RELEASE.jar:/Users/abdulla/.m2/repository/org/springframework/cloud/spring-cloud-aws-context/2.2.6.RELEASE/spring-cloud-aws-context-2.2.6.RELEASE.jar:/Users/abdulla/.m2/repository/org/springframework/cloud/spring-cloud-aws-core/2.2.6.RELEASE/spring-cloud-aws-core-2.2.6.RELEASE.jar:/Users/abdulla/.m2/repository/com/amazonaws/aws-java-sdk-ec2/1.11.792/aws-java-sdk-ec2-1.11.792.jar:/Users/abdulla/.m2/repository/com/amazonaws/aws-java-sdk-cloudformation/1.11.792/aws-java-sdk-cloudformation-1.11.792.jar:/Users/abdulla/.m2/repository/com/amazonaws/aws-java-sdk-sns/1.11.792/aws-java-sdk-sns-1.11.792.jar:/Users/abdulla/.m2/repository/org/springframework/spring-messaging/6.1.8/spring-messaging-6.1.8.jar:/Users/abdulla/.m2/repository/org/slf4j/slf4j-api/2.0.13/slf4j-api-2.0.13.jar:/Users/abdulla/.m2/repository/javax/activation/javax.activation-api/1.2.0/javax.activation-api-1.2.0.jar:/Users/abdulla/.m2/repository/org/springframework/cloud/spring-cloud-starter-aws-messaging/2.2.6.RELEASE/spring-cloud-starter-aws-messaging-2.2.6.RELEASE.jar:/Users/abdulla/.m2/repository/org/springframework/cloud/spring-cloud-starter-aws/2.2.6.RELEASE/spring-cloud-starter-aws-2.2.6.RELEASE.jar:/Users/abdulla/.m2/repository/org/springframework/cloud/spring-cloud-aws-autoconfigure/2.2.6.RELEASE/spring-cloud-aws-autoconfigure-2.2.6.RELEASE.jar:/Users/abdulla/.m2/repository/org/springframework/boot/spring-boot-starter-test/3.3.0/spring-boot-starter-test-3.3.0.jar:/Users/abdulla/.m2/repository/org/springframework/boot/spring-boot-test/3.3.0/spring-boot-test-3.3.0.jar:/Users/abdulla/.m2/repository/org/springframework/boot/spring-boot-test-autoconfigure/3.3.0/spring-boot-test-autoconfigure-3.3.0.jar:/Users/abdulla/.m2/repository/com/jayway/jsonpath/json-path/2.9.0/json-path-2.9.0.jar:/Users/abdulla/.m2/repository/jakarta/xml/bind/jakarta.xml.bind-api/4.0.2/jakarta.xml.bind-api-4.0.2.jar:/Users/abdulla/.m2/repository/jakarta/activation/jakarta.activation-api/2.1.3/jakarta.activation-api-2.1.3.jar:/Users/abdulla/.m2/repository/net/minidev/json-smart/2.5.1/json-smart-2.5.1.jar:/Users/abdulla/.m2/repository/net/minidev/accessors-smart/2.5.1/accessors-smart-2.5.1.jar:/Users/abdulla/.m2/repository/org/ow2/asm/asm/9.6/asm-9.6.jar:/Users/abdulla/.m2/repository/org/assertj/assertj-core/3.25.3/assertj-core-3.25.3.jar:/Users/abdulla/.m2/repository/org/awaitility/awaitility/4.2.1/awaitility-4.2.1.jar:/Users/abdulla/.m2/repository/org/hamcrest/hamcrest/2.2/hamcrest-2.2.jar:/Users/abdulla/.m2/repository/org/junit/jupiter/junit-jupiter/5.10.2/junit-jupiter-5.10.2.jar:/Users/abdulla/.m2/repository/org/junit/jupiter/junit-jupiter-api/5.10.2/junit-jupiter-api-5.10.2.jar:/Users/abdulla/.m2/repository/org/opentest4j/opentest4j/1.3.0/opentest4j-1.3.0.jar:/Users/abdulla/.m2/repository/org/junit/platform/junit-platform-commons/1.10.2/junit-platform-commons-1.10.2.jar:/Users/abdulla/.m2/repository/org/apiguardian/apiguardian-api/1.1.2/apiguardian-api-1.1.2.jar:/Users/abdulla/.m2/repository/org/junit/jupiter/junit-jupiter-params/5.10.2/junit-jupiter-params-5.10.2.jar:/Users/abdulla/.m2/repository/org/junit/jupiter/junit-jupiter-engine/5.10.2/junit-jupiter-engine-5.10.2.jar:/Users/abdulla/.m2/repository/org/junit/platform/junit-platform-engine/1.10.2/junit-platform-engine-1.10.2.jar:/Users/abdulla/.m2/repository/org/mockito/mockito-core/5.11.0/mockito-core-5.11.0.jar:/Users/abdulla/.m2/repository/net/bytebuddy/byte-buddy-agent/1.14.16/byte-buddy-agent-1.14.16.jar:/Users/abdulla/.m2/repository/org/objenesis/objenesis/3.3/objenesis-3.3.jar:/Users/abdulla/.m2/repository/org/mockito/mockito-junit-jupiter/5.11.0/mockito-junit-jupiter-5.11.0.jar:/Users/abdulla/.m2/repository/org/skyscreamer/jsonassert/1.5.1/jsonassert-1.5.1.jar:/Users/abdulla/.m2/repository/com/vaadin/external/google/android-json/0.0.20131108.vaadin1/android-json-0.0.20131108.vaadin1.jar:/Users/abdulla/.m2/repository/org/springframework/spring-test/6.1.8/spring-test-6.1.8.jar:/Users/abdulla/.m2/repository/org/xmlunit/xmlunit-core/2.9.1/xmlunit-core-2.9.1.jar:/Users/abdulla/.m2/repository/org/projectlombok/lombok/1.18.32/lombok-1.18.32.jar:"/>
    <property name="sun.cpu.endian" value="little"/>
    <property name="user.home" value="/Users/abdulla"/>
    <property name="user.language" value="en"/>
    <property name="java.specification.vendor" value="Oracle Corporation"/>
    <property name="java.version.date" value="2024-04-16"/>
    <property name="java.home" value="/opt/homebrew/Cellar/openjdk/21.0.3/libexec/openjdk.jdk/Contents/Home"/>
    <property name="file.separator" value="/"/>
    <property name="basedir" value="/Users/abdulla/Desktop/Java/sqs-dynamodb"/>
    <property name="java.vm.compressedOopsMode" value="Zero based"/>
    <property name="line.separator" value="&#10;"/>
    <property name="java.vm.specification.vendor" value="Oracle Corporation"/>
    <property name="java.specification.name" value="Java Platform API Specification"/>
    <property name="FILE_LOG_CHARSET" value="UTF-8"/>
    <property name="java.awt.headless" value="true"/>
    <property name="apple.awt.application.name" value="ForkedBooter"/>
    <property name="surefire.real.class.path" value="/Users/abdulla/Desktop/Java/sqs-dynamodb/target/surefire/surefirebooter-20240702150958665_3.jar"/>
    <property name="sun.management.compiler" value="HotSpot 64-Bit Tiered Compilers"/>
    <property name="ftp.nonProxyHosts" value="local|*.local|169.254/16|*.169.254/16"/>
    <property name="java.runtime.version" value="21.0.3"/>
    <property name="user.name" value="abdulla"/>
    <property name="stdout.encoding" value="UTF-8"/>
    <property name="path.separator" value=":"/>
    <property name="os.version" value="13.5"/>
    <property name="java.runtime.name" value="OpenJDK Runtime Environment"/>
    <property name="file.encoding" value="UTF-8"/>
    <property name="java.vm.name" value="OpenJDK 64-Bit Server VM"/>
    <property name="java.vendor.version" value="Homebrew"/>
    <property name="localRepository" value="/Users/abdulla/.m2/repository"/>
    <property name="java.vendor.url.bug" value="https://github.com/Homebrew/homebrew-core/issues"/>
    <property name="java.io.tmpdir" value="/var/folders/kh/xbj40m0n699cbksqrwc3k1jw0000gn/T/"/>
    <property name="java.version" value="21.0.3"/>
    <property name="user.dir" value="/Users/abdulla/Desktop/Java/sqs-dynamodb"/>
    <property name="os.arch" value="aarch64"/>
    <property name="java.vm.specification.name" value="Java Virtual Machine Specification"/>
    <property name="PID" value="9306"/>
    <property name="CONSOLE_LOG_CHARSET" value="UTF-8"/>
    <property name="native.encoding" value="UTF-8"/>
    <property name="java.library.path" value="/Users/abdulla/Library/Java/Extensions:/Library/Java/Extensions:/Network/Library/Java/Extensions:/System/Library/Java/Extensions:/usr/lib/java:."/>
    <property name="java.vm.info" value="mixed mode, sharing"/>
    <property name="stderr.encoding" value="UTF-8"/>
    <property name="java.vendor" value="Homebrew"/>
    <property name="java.vm.version" value="21.0.3"/>
    <property name="sun.io.unicode.encoding" value="UnicodeBig"/>
    <property name="socksNonProxyHosts" value="local|*.local|169.254/16|*.169.254/16"/>
    <property name="java.class.version" value="65.0"/>
    <property name="LOGGED_APPLICATION_NAME" value="[sqs-dynamodb] "/>
  </properties>
  <testcase name="contextLoads" classname="com.example.sqs_dynamodb.SqsDynamodbApplicationTests" time="0.49">
    <system-out><![CDATA[15:09:59.118 [main] INFO org.springframework.test.context.support.AnnotationConfigContextLoaderUtils -- Could not detect default configuration classes for test class [com.example.sqs_dynamodb.SqsDynamodbApplicationTests]: SqsDynamodbApplicationTests does not declare any static, non-private, non-final, nested classes annotated with @Configuration.
15:09:59.166 [main] INFO org.springframework.boot.test.context.SpringBootTestContextBootstrapper -- Found @SpringBootConfiguration com.example.sqs_dynamodb.SqsDynamodbApplication for test class com.example.sqs_dynamodb.SqsDynamodbApplicationTests
  .   ____          _            __ _ _
 /\\ / ___'_ __ _ _(_)_ __  __ _ \ \ \ \
( ( )\___ | '_ | '_| | '_ \/ _` | \ \ \ \
 \\/  ___)| |_)| | | | | || (_| |  ) ) ) )
  '  |____| .__|_| |_|_| |_\__, | / / / /
 =========|_|==============|___/=/_/_/_/

 :: Spring Boot ::                (v3.3.0)

2024-07-02T15:09:59.361+03:00  INFO 9306 --- [sqs-dynamodb] [           main] c.e.s.SqsDynamodbApplicationTests        : Starting SqsDynamodbApplicationTests using Java 21.0.3 with PID 9306 (started by abdulla in /Users/abdulla/Desktop/Java/sqs-dynamodb)
2024-07-02T15:09:59.363+03:00  INFO 9306 --- [sqs-dynamodb] [           main] c.e.s.SqsDynamodbApplicationTests        : No active profile set, falling back to 1 default profile: "default"
2024-07-02T15:09:59.588+03:00  INFO 9306 --- [sqs-dynamodb] [           main] .s.d.r.c.RepositoryConfigurationDelegate : Bootstrapping Spring Data DynamoDB repositories in DEFAULT mode.
2024-07-02T15:09:59.611+03:00  INFO 9306 --- [sqs-dynamodb] [           main] .s.d.r.c.RepositoryConfigurationDelegate : Finished Spring Data repository scanning in 20 ms. Found 1 DynamoDB repository interface.
2024-07-02T15:09:59.826+03:00  WARN 9306 --- [sqs-dynamodb] [           main] trationDelegate$BeanPostProcessorChecker : Bean 'dynamoDBConfig' of type [com.example.sqs_dynamodb.config.DynamoDBConfig$$SpringCGLIB$$0] is not eligible for getting processed by all BeanPostProcessors (for example: not eligible for auto-proxying). Is this bean getting eagerly injected into a currently created BeanPostProcessor [methodValidationPostProcessor]? Check the corresponding BeanPostProcessor declaration and its dependencies.
2024-07-02T15:10:00.153+03:00  WARN 9306 --- [sqs-dynamodb] [           main] trationDelegate$BeanPostProcessorChecker : Bean 'amazonDynamoDB' of type [com.amazonaws.services.dynamodbv2.AmazonDynamoDBClient] is not eligible for getting processed by all BeanPostProcessors (for example: not eligible for auto-proxying). Is this bean getting eagerly injected into a currently created BeanPostProcessor [methodValidationPostProcessor]? Check the corresponding BeanPostProcessor declaration and its dependencies.
2024-07-02T15:10:00.164+03:00  WARN 9306 --- [sqs-dynamodb] [           main] trationDelegate$BeanPostProcessorChecker : Bean 'dynamoDB-DynamoDBMapperConfig' of type [com.amazonaws.services.dynamodbv2.datamodeling.DynamoDBMapperConfig] is not eligible for getting processed by all BeanPostProcessors (for example: not eligible for auto-proxying). Is this bean getting eagerly injected into a currently created BeanPostProcessor [methodValidationPostProcessor]? Check the corresponding BeanPostProcessor declaration and its dependencies.
2024-07-02T15:10:00.231+03:00  WARN 9306 --- [sqs-dynamodb] [           main] s.a.a.p.internal.ProfileFileReader       : Ignoring profile 'Access key 1' on line 10 because it was not alphanumeric with only these special characters: - / . % @ _ : +
2024-07-02T15:10:00.417+03:00  INFO 9306 --- [sqs-dynamodb] [           main] o.s.s.d.d.r.s.DynamoDBRepositoryFactory  : Spring Data DynamoDB Version: 5.1.0 (2.1)
2024-07-02T15:10:00.418+03:00  INFO 9306 --- [sqs-dynamodb] [           main] o.s.s.d.d.r.s.DynamoDBRepositoryFactory  : Spring Data Version:          3.3.0
2024-07-02T15:10:00.418+03:00  INFO 9306 --- [sqs-dynamodb] [           main] o.s.s.d.d.r.s.DynamoDBRepositoryFactory  : AWS SDK Version:              1.12.748
2024-07-02T15:10:00.418+03:00  INFO 9306 --- [sqs-dynamodb] [           main] o.s.s.d.d.r.s.DynamoDBRepositoryFactory  : Java Version:                 21.0.3 - OpenJDK 64-Bit Server VM 21.0.3
2024-07-02T15:10:00.418+03:00  INFO 9306 --- [sqs-dynamodb] [           main] o.s.s.d.d.r.s.DynamoDBRepositoryFactory  : Platform Details:             Mac OS X 13.5
2024-07-02T15:10:00.418+03:00  WARN 9306 --- [sqs-dynamodb] [           main] o.s.s.d.d.r.s.DynamoDBRepositoryFactory  : This Spring Data DynamoDB implementation might not be compatible with the available Spring Data classes on the classpath!
NoDefClassFoundExceptions or similar might occur!
2024-07-02T15:10:00.704+03:00  INFO 9306 --- [sqs-dynamodb] [           main] d.d.r.u.Entity2DynamoDBTableSynchronizer : Checking repository classes with DynamoDB tables Logs for ContextRefreshedEvent
2024-07-02T15:10:00.705+03:00  INFO 9306 --- [sqs-dynamodb] [           main] c.e.s.SqsDynamodbApplicationTests        : Started SqsDynamodbApplicationTests in 1.473 seconds (process running for 1.992)
]]></system-out>
    <system-err><![CDATA[WARNING: A Java agent has been loaded dynamically (/Users/abdulla/.m2/repository/net/bytebuddy/byte-buddy-agent/1.14.16/byte-buddy-agent-1.14.16.jar)
WARNING: If a serviceability tool is in use, please run with -XX:+EnableDynamicAgentLoading to hide this warning
WARNING: If a serviceability tool is not in use, please run with -Djdk.instrument.traceUsage for more information
WARNING: Dynamic loading of agents will be disallowed by default in a future release
]]></system-err>
  </testcase>
</testsuite>